<?xml version="1.0" encoding="UTF-8"?>
<!-- Generated by org.testng.reporters.JUnitReportReporter -->
<testsuite hostname="ABhishekjain" failures="0" tests="2" name="com.bjs.TestNGDemo.TestngDemo5" time="0.008" errors="0" timestamp="2023-07-12T13:28:47 IST" skipped="0">
  <testcase classname="com.bjs.TestNGDemo.TestngDemo5" name="test_2" time="0.002"/>
  <testcase classname="com.bjs.TestNGDemo.TestngDemo5" name="test_1" time="0.006"/>
</testsuite> <!-- com.bjs.TestNGDemo.TestngDemo5 -->
