<?xml version="1.0" encoding="UTF-8"?>
<!-- Generated by org.testng.reporters.JUnitReportReporter -->
<testsuite hostname="ABhishekjain" failures="0" tests="4" name="com.bjs.TestNGDemo.TestngDemo1" time="0.019" errors="0" timestamp="2023-07-12T12:23:14 IST" skipped="0">
  <testcase classname="com.bjs.TestNGDemo.TestngDemo1" name="b" time="0.013"/>
  <testcase classname="com.bjs.TestNGDemo.TestngDemo1" name="d" time="0.003"/>
  <testcase classname="com.bjs.TestNGDemo.TestngDemo1" name="c" time="0.001"/>
  <testcase classname="com.bjs.TestNGDemo.TestngDemo1" name="a" time="0.002"/>
</testsuite> <!-- com.bjs.TestNGDemo.TestngDemo1 -->
