<?xml version="1.0" encoding="UTF-8"?>
<!-- Generated by org.testng.reporters.JUnitReportReporter -->
<testsuite hostname="ABhishekjain" failures="0" tests="3" name="com.bjs.TestNGDemo.TestngDemo3" time="0.018" errors="0" timestamp="2023-07-12T12:36:56 IST" skipped="0">
  <testcase classname="com.bjs.TestNGDemo.TestngDemo3" name="a" time="0.013"/>
  <testcase classname="com.bjs.TestNGDemo.TestngDemo3" name="e" time="0.002"/>
  <testcase classname="com.bjs.TestNGDemo.TestngDemo3" name="c" time="0.003"/>
</testsuite> <!-- com.bjs.TestNGDemo.TestngDemo3 -->
