<?xml version="1.0" encoding="UTF-8"?>
<!-- Generated by org.testng.reporters.JUnitReportReporter -->
<testsuite hostname="ABhishekjain" failures="0" tests="3" name="com.bjs.TestNGDemo.TestngDemo4" time="0.024" errors="0" timestamp="2023-07-12T13:03:35 IST" skipped="0">
  <testcase classname="com.bjs.TestNGDemo.TestngDemo4" name="test_1" time="0.017"/>
  <testcase classname="com.bjs.TestNGDemo.TestngDemo4" name="test_5" time="0.003"/>
  <testcase classname="com.bjs.TestNGDemo.TestngDemo4" name="test_2" time="0.004"/>
</testsuite> <!-- com.bjs.TestNGDemo.TestngDemo4 -->
