<?xml version="1.0" encoding="UTF-8"?>
<!-- Generated by org.testng.reporters.JUnitReportReporter -->
<testsuite hostname="ABhishekjain" failures="0" tests="4" name="com.bjs.TestNGDemo.TestNgDemo" time="0.013" errors="0" timestamp="2023-07-11T14:10:25 IST" skipped="0">
  <testcase classname="com.bjs.TestNGDemo.TestNgDemo" name="positiveCredential2" time="0.002"/>
  <testcase classname="com.bjs.TestNGDemo.TestNgDemo" name="positiveCredential1" time="0.002"/>
  <testcase classname="com.bjs.TestNGDemo.TestNgDemo" name="a" time="0.006"/>
  <testcase classname="com.bjs.TestNGDemo.TestNgDemo" name="b" time="0.003"/>
</testsuite> <!-- com.bjs.TestNGDemo.TestNgDemo -->
