<?xml version="1.0" encoding="UTF-8"?>
<!-- Generated by org.testng.reporters.JUnitReportReporter -->
<testsuite hostname="ABhishekjain" failures="0" tests="2" name="com.bjs.TestNGDemo.TestngDemo2" time="0.013" errors="0" timestamp="2023-07-12T12:39:43 IST" skipped="0">
  <testcase classname="com.bjs.TestNGDemo.TestngDemo2" name="d" time="0.010"/>
  <testcase classname="com.bjs.TestNGDemo.TestngDemo2" name="b" time="0.003"/>
</testsuite> <!-- com.bjs.TestNGDemo.TestngDemo2 -->
